{"/Users/Bharath_Raj_GN/Desktop/backend-evaluation/db/models/company.js": {"path":"/Users/Bharath_Raj_GN/Desktop/backend-evaluation/db/models/company.js","statementMap":{"0":{"start":{"line":4,"column":4},"end":{"line":4,"column":24}},"1":{"start":{"line":5,"column":0},"end":{"line":33,"column":2}},"2":{"start":{"line":13,"column":6},"end":{"line":16,"column":9}},"3":{"start":{"line":19,"column":2},"end":{"line":31,"column":5}},"4":{"start":{"line":32,"column":2},"end":{"line":32,"column":17}}},"fnMap":{"0":{"name":"(anonymous_0)","decl":{"start":{"line":5,"column":17},"end":{"line":5,"column":18}},"loc":{"start":{"line":5,"column":43},"end":{"line":33,"column":1}},"line":5},"1":{"name":"(anonymous_1)","decl":{"start":{"line":12,"column":4},"end":{"line":12,"column":5}},"loc":{"start":{"line":12,"column":29},"end":{"line":17,"column":5}},"line":12}},"branchMap":{},"s":{"0":2,"1":2,"2":2,"3":2,"4":2},"f":{"0":2,"1":2},"b":{},"_coverageSchema":"1a1c01bbd47fc00a2c39e90264f33305004495a9","hash":"aaccef6782de75e9c7370dc38541632623c2eb97"}
,"/Users/Bharath_Raj_GN/Desktop/backend-evaluation/db/models/companytag.js": {"path":"/Users/Bharath_Raj_GN/Desktop/backend-evaluation/db/models/companytag.js","statementMap":{"0":{"start":{"line":4,"column":4},"end":{"line":4,"column":24}},"1":{"start":{"line":5,"column":0},"end":{"line":24,"column":2}},"2":{"start":{"line":16,"column":2},"end":{"line":22,"column":5}},"3":{"start":{"line":23,"column":2},"end":{"line":23,"column":20}}},"fnMap":{"0":{"name":"(anonymous_0)","decl":{"start":{"line":5,"column":17},"end":{"line":5,"column":18}},"loc":{"start":{"line":5,"column":43},"end":{"line":24,"column":1}},"line":5},"1":{"name":"(anonymous_1)","decl":{"start":{"line":12,"column":4},"end":{"line":12,"column":5}},"loc":{"start":{"line":12,"column":29},"end":{"line":14,"column":5}},"line":12}},"branchMap":{},"s":{"0":2,"1":2,"2":2,"3":2},"f":{"0":2,"1":2},"b":{},"_coverageSchema":"1a1c01bbd47fc00a2c39e90264f33305004495a9","hash":"01f414ca7281bb084d9d4b73c1244c5da98ffcc6"}
,"/Users/Bharath_Raj_GN/Desktop/backend-evaluation/db/models/index.js": {"path":"/Users/Bharath_Raj_GN/Desktop/backend-evaluation/db/models/index.js","statementMap":{"0":{"start":{"line":3,"column":11},"end":{"line":3,"column":24}},"1":{"start":{"line":4,"column":13},"end":{"line":4,"column":28}},"2":{"start":{"line":5,"column":18},"end":{"line":5,"column":38}},"3":{"start":{"line":6,"column":16},"end":{"line":6,"column":34}},"4":{"start":{"line":7,"column":17},"end":{"line":7,"column":42}},"5":{"start":{"line":8,"column":12},"end":{"line":8,"column":49}},"6":{"start":{"line":9,"column":15},"end":{"line":9,"column":65}},"7":{"start":{"line":10,"column":11},"end":{"line":10,"column":13}},"8":{"start":{"line":13,"column":0},"end":{"line":17,"column":1}},"9":{"start":{"line":14,"column":2},"end":{"line":14,"column":74}},"10":{"start":{"line":16,"column":2},"end":{"line":16,"column":87}},"11":{"start":{"line":19,"column":0},"end":{"line":32,"column":5}},"12":{"start":{"line":22,"column":4},"end":{"line":27,"column":6}},"13":{"start":{"line":30,"column":18},"end":{"line":30,"column":85}},"14":{"start":{"line":31,"column":4},"end":{"line":31,"column":27}},"15":{"start":{"line":34,"column":0},"end":{"line":38,"column":3}},"16":{"start":{"line":35,"column":2},"end":{"line":37,"column":3}},"17":{"start":{"line":36,"column":4},"end":{"line":36,"column":32}},"18":{"start":{"line":40,"column":0},"end":{"line":40,"column":25}},"19":{"start":{"line":41,"column":0},"end":{"line":41,"column":25}},"20":{"start":{"line":43,"column":0},"end":{"line":43,"column":20}}},"fnMap":{"0":{"name":"(anonymous_0)","decl":{"start":{"line":21,"column":10},"end":{"line":21,"column":11}},"loc":{"start":{"line":21,"column":18},"end":{"line":28,"column":3}},"line":21},"1":{"name":"(anonymous_1)","decl":{"start":{"line":29,"column":11},"end":{"line":29,"column":12}},"loc":{"start":{"line":29,"column":19},"end":{"line":32,"column":3}},"line":29},"2":{"name":"(anonymous_2)","decl":{"start":{"line":34,"column":24},"end":{"line":34,"column":25}},"loc":{"start":{"line":34,"column":37},"end":{"line":38,"column":1}},"line":34}},"branchMap":{"0":{"loc":{"start":{"line":8,"column":12},"end":{"line":8,"column":49}},"type":"binary-expr","locations":[{"start":{"line":8,"column":12},"end":{"line":8,"column":32}},{"start":{"line":8,"column":36},"end":{"line":8,"column":49}}],"line":8},"1":{"loc":{"start":{"line":13,"column":0},"end":{"line":17,"column":1}},"type":"if","locations":[{"start":{"line":13,"column":0},"end":{"line":17,"column":1}},{"start":{"line":15,"column":7},"end":{"line":17,"column":1}}],"line":13},"2":{"loc":{"start":{"line":23,"column":6},"end":{"line":26,"column":37}},"type":"binary-expr","locations":[{"start":{"line":23,"column":6},"end":{"line":23,"column":29}},{"start":{"line":24,"column":6},"end":{"line":24,"column":23}},{"start":{"line":25,"column":6},"end":{"line":25,"column":30}},{"start":{"line":26,"column":6},"end":{"line":26,"column":37}}],"line":23},"3":{"loc":{"start":{"line":35,"column":2},"end":{"line":37,"column":3}},"type":"if","locations":[{"start":{"line":35,"column":2},"end":{"line":37,"column":3}},{"start":{},"end":{}}],"line":35}},"s":{"0":2,"1":2,"2":2,"3":2,"4":2,"5":2,"6":2,"7":2,"8":2,"9":0,"10":2,"11":2,"12":10,"13":8,"14":8,"15":2,"16":8,"17":8,"18":2,"19":2,"20":2},"f":{"0":10,"1":8,"2":8},"b":{"0":[2,0],"1":[0,2],"2":[10,10,8,8],"3":[8,0]},"_coverageSchema":"1a1c01bbd47fc00a2c39e90264f33305004495a9","hash":"f166fad11f63d39f687c73a2fdcb59e54ddb2a42"}
,"/Users/Bharath_Raj_GN/Desktop/backend-evaluation/db/models/sector.js": {"path":"/Users/Bharath_Raj_GN/Desktop/backend-evaluation/db/models/sector.js","statementMap":{"0":{"start":{"line":4,"column":4},"end":{"line":4,"column":24}},"1":{"start":{"line":5,"column":0},"end":{"line":30,"column":2}},"2":{"start":{"line":14,"column":6},"end":{"line":17,"column":9}},"3":{"start":{"line":20,"column":2},"end":{"line":28,"column":5}},"4":{"start":{"line":29,"column":2},"end":{"line":29,"column":16}}},"fnMap":{"0":{"name":"(anonymous_0)","decl":{"start":{"line":5,"column":17},"end":{"line":5,"column":18}},"loc":{"start":{"line":5,"column":43},"end":{"line":30,"column":1}},"line":5},"1":{"name":"(anonymous_1)","decl":{"start":{"line":12,"column":4},"end":{"line":12,"column":5}},"loc":{"start":{"line":12,"column":29},"end":{"line":18,"column":5}},"line":12}},"branchMap":{},"s":{"0":2,"1":2,"2":2,"3":2,"4":2},"f":{"0":2,"1":2},"b":{},"_coverageSchema":"1a1c01bbd47fc00a2c39e90264f33305004495a9","hash":"9d054c2de1cc3f6ddc04046f8ee645941d03c925"}
,"/Users/Bharath_Raj_GN/Desktop/backend-evaluation/db/models/tag.js": {"path":"/Users/Bharath_Raj_GN/Desktop/backend-evaluation/db/models/tag.js","statementMap":{"0":{"start":{"line":4,"column":4},"end":{"line":4,"column":24}},"1":{"start":{"line":5,"column":0},"end":{"line":23,"column":2}},"2":{"start":{"line":16,"column":2},"end":{"line":21,"column":5}},"3":{"start":{"line":22,"column":2},"end":{"line":22,"column":13}}},"fnMap":{"0":{"name":"(anonymous_0)","decl":{"start":{"line":5,"column":17},"end":{"line":5,"column":18}},"loc":{"start":{"line":5,"column":43},"end":{"line":23,"column":1}},"line":5},"1":{"name":"(anonymous_1)","decl":{"start":{"line":12,"column":4},"end":{"line":12,"column":5}},"loc":{"start":{"line":12,"column":29},"end":{"line":14,"column":5}},"line":12}},"branchMap":{},"s":{"0":2,"1":2,"2":2,"3":2},"f":{"0":2,"1":2},"b":{},"_coverageSchema":"1a1c01bbd47fc00a2c39e90264f33305004495a9","hash":"92d6faed4ac32f4886d1710dd37310040dcb4eb5"}
,"/Users/Bharath_Raj_GN/Desktop/backend-evaluation/src/error.js": {"path":"/Users/Bharath_Raj_GN/Desktop/backend-evaluation/src/error.js","statementMap":{"0":{"start":{"line":3,"column":4},"end":{"line":3,"column":19}},"1":{"start":{"line":4,"column":4},"end":{"line":4,"column":32}},"2":{"start":{"line":10,"column":4},"end":{"line":10,"column":19}},"3":{"start":{"line":11,"column":4},"end":{"line":11,"column":35}},"4":{"start":{"line":15,"column":0},"end":{"line":18,"column":2}}},"fnMap":{"0":{"name":"(anonymous_0)","decl":{"start":{"line":2,"column":2},"end":{"line":2,"column":3}},"loc":{"start":{"line":2,"column":23},"end":{"line":5,"column":3}},"line":2},"1":{"name":"(anonymous_1)","decl":{"start":{"line":9,"column":2},"end":{"line":9,"column":3}},"loc":{"start":{"line":9,"column":23},"end":{"line":12,"column":3}},"line":9}},"branchMap":{},"s":{"0":4,"1":4,"2":2,"3":2,"4":2},"f":{"0":4,"1":2},"b":{},"_coverageSchema":"1a1c01bbd47fc00a2c39e90264f33305004495a9","hash":"519edf93339c8195f019f560ee3a2d7dbc626222"}
,"/Users/Bharath_Raj_GN/Desktop/backend-evaluation/src/controllers/companyController.js": {"path":"/Users/Bharath_Raj_GN/Desktop/backend-evaluation/src/controllers/companyController.js","statementMap":{"0":{"start":{"line":1,"column":24},"end":{"line":1,"column":62}},"1":{"start":{"line":3,"column":30},"end":{"line":10,"column":1}},"2":{"start":{"line":4,"column":2},"end":{"line":9,"column":3}},"3":{"start":{"line":5,"column":19},"end":{"line":5,"column":54}},"4":{"start":{"line":6,"column":4},"end":{"line":6,"column":33}},"5":{"start":{"line":8,"column":4},"end":{"line":8,"column":14}},"6":{"start":{"line":13,"column":31},"end":{"line":21,"column":1}},"7":{"start":{"line":14,"column":2},"end":{"line":20,"column":3}},"8":{"start":{"line":15,"column":23},"end":{"line":15,"column":32}},"9":{"start":{"line":16,"column":19},"end":{"line":16,"column":69}},"10":{"start":{"line":17,"column":4},"end":{"line":17,"column":33}},"11":{"start":{"line":19,"column":4},"end":{"line":19,"column":14}},"12":{"start":{"line":23,"column":35},"end":{"line":32,"column":1}},"13":{"start":{"line":24,"column":2},"end":{"line":31,"column":3}},"14":{"start":{"line":25,"column":19},"end":{"line":25,"column":29}},"15":{"start":{"line":26,"column":26},"end":{"line":26,"column":34}},"16":{"start":{"line":27,"column":19},"end":{"line":27,"column":84}},"17":{"start":{"line":28,"column":4},"end":{"line":28,"column":33}},"18":{"start":{"line":30,"column":4},"end":{"line":30,"column":14}},"19":{"start":{"line":34,"column":33},"end":{"line":42,"column":1}},"20":{"start":{"line":35,"column":2},"end":{"line":41,"column":3}},"21":{"start":{"line":36,"column":19},"end":{"line":36,"column":29}},"22":{"start":{"line":37,"column":19},"end":{"line":37,"column":70}},"23":{"start":{"line":38,"column":4},"end":{"line":38,"column":33}},"24":{"start":{"line":40,"column":4},"end":{"line":40,"column":14}},"25":{"start":{"line":44,"column":0},"end":{"line":49,"column":2}}},"fnMap":{"0":{"name":"(anonymous_0)","decl":{"start":{"line":3,"column":30},"end":{"line":3,"column":31}},"loc":{"start":{"line":3,"column":56},"end":{"line":10,"column":1}},"line":3},"1":{"name":"(anonymous_1)","decl":{"start":{"line":13,"column":31},"end":{"line":13,"column":32}},"loc":{"start":{"line":13,"column":57},"end":{"line":21,"column":1}},"line":13},"2":{"name":"(anonymous_2)","decl":{"start":{"line":23,"column":35},"end":{"line":23,"column":36}},"loc":{"start":{"line":23,"column":61},"end":{"line":32,"column":1}},"line":23},"3":{"name":"(anonymous_3)","decl":{"start":{"line":34,"column":33},"end":{"line":34,"column":34}},"loc":{"start":{"line":34,"column":59},"end":{"line":42,"column":1}},"line":34}},"branchMap":{},"s":{"0":1,"1":1,"2":2,"3":2,"4":1,"5":1,"6":1,"7":2,"8":2,"9":2,"10":1,"11":1,"12":1,"13":2,"14":2,"15":2,"16":2,"17":1,"18":1,"19":1,"20":2,"21":2,"22":2,"23":1,"24":1,"25":1},"f":{"0":2,"1":2,"2":2,"3":2},"b":{},"_coverageSchema":"1a1c01bbd47fc00a2c39e90264f33305004495a9","hash":"4edc5e98961fcd1f3449bc9e58471afc874de598"}
,"/Users/Bharath_Raj_GN/Desktop/backend-evaluation/src/services/companyServices.js": {"path":"/Users/Bharath_Raj_GN/Desktop/backend-evaluation/src/services/companyServices.js","statementMap":{"0":{"start":{"line":1,"column":20},"end":{"line":1,"column":46}},"1":{"start":{"line":3,"column":44},"end":{"line":3,"column":63}},"2":{"start":{"line":5,"column":20},"end":{"line":20,"column":1}},"3":{"start":{"line":6,"column":15},"end":{"line":6,"column":38}},"4":{"start":{"line":7,"column":17},"end":{"line":7,"column":19}},"5":{"start":{"line":9,"column":2},"end":{"line":17,"column":5}},"6":{"start":{"line":10,"column":43},"end":{"line":10,"column":50}},"7":{"start":{"line":11,"column":16},"end":{"line":11,"column":99}},"8":{"start":{"line":12,"column":4},"end":{"line":16,"column":7}},"9":{"start":{"line":19,"column":2},"end":{"line":19,"column":16}},"10":{"start":{"line":22,"column":29},"end":{"line":47,"column":1}},"11":{"start":{"line":23,"column":15},"end":{"line":27,"column":4}},"12":{"start":{"line":28,"column":17},"end":{"line":28,"column":19}},"13":{"start":{"line":30,"column":2},"end":{"line":39,"column":5}},"14":{"start":{"line":31,"column":48},"end":{"line":31,"column":55}},"15":{"start":{"line":32,"column":16},"end":{"line":32,"column":99}},"16":{"start":{"line":33,"column":4},"end":{"line":38,"column":7}},"17":{"start":{"line":41,"column":2},"end":{"line":41,"column":72}},"18":{"start":{"line":41,"column":27},"end":{"line":41,"column":72}},"19":{"start":{"line":42,"column":2},"end":{"line":42,"column":43}},"20":{"start":{"line":42,"column":24},"end":{"line":42,"column":41}},"21":{"start":{"line":44,"column":2},"end":{"line":46,"column":5}},"22":{"start":{"line":45,"column":4},"end":{"line":45,"column":46}},"23":{"start":{"line":49,"column":26},"end":{"line":58,"column":1}},"24":{"start":{"line":50,"column":2},"end":{"line":50,"column":94}},"25":{"start":{"line":50,"column":28},"end":{"line":50,"column":94}},"26":{"start":{"line":51,"column":21},"end":{"line":51,"column":54}},"27":{"start":{"line":52,"column":2},"end":{"line":52,"column":74}},"28":{"start":{"line":52,"column":19},"end":{"line":52,"column":74}},"29":{"start":{"line":53,"column":2},"end":{"line":53,"column":35}},"30":{"start":{"line":53,"column":11},"end":{"line":53,"column":35}},"31":{"start":{"line":54,"column":2},"end":{"line":54,"column":52}},"32":{"start":{"line":54,"column":19},"end":{"line":54,"column":52}},"33":{"start":{"line":55,"column":2},"end":{"line":55,"column":20}},"34":{"start":{"line":56,"column":36},"end":{"line":56,"column":46}},"35":{"start":{"line":57,"column":2},"end":{"line":57,"column":40}},"36":{"start":{"line":60,"column":23},"end":{"line":64,"column":1}},"37":{"start":{"line":61,"column":21},"end":{"line":61,"column":54}},"38":{"start":{"line":62,"column":2},"end":{"line":62,"column":63}},"39":{"start":{"line":62,"column":19},"end":{"line":62,"column":63}},"40":{"start":{"line":63,"column":2},"end":{"line":63,"column":20}},"41":{"start":{"line":68,"column":0},"end":{"line":73,"column":2}}},"fnMap":{"0":{"name":"(anonymous_0)","decl":{"start":{"line":5,"column":20},"end":{"line":5,"column":21}},"loc":{"start":{"line":5,"column":32},"end":{"line":20,"column":1}},"line":5},"1":{"name":"(anonymous_1)","decl":{"start":{"line":9,"column":15},"end":{"line":9,"column":16}},"loc":{"start":{"line":9,"column":26},"end":{"line":17,"column":3}},"line":9},"2":{"name":"(anonymous_2)","decl":{"start":{"line":22,"column":29},"end":{"line":22,"column":30}},"loc":{"start":{"line":22,"column":51},"end":{"line":47,"column":1}},"line":22},"3":{"name":"(anonymous_3)","decl":{"start":{"line":30,"column":15},"end":{"line":30,"column":16}},"loc":{"start":{"line":30,"column":26},"end":{"line":39,"column":3}},"line":30},"4":{"name":"(anonymous_4)","decl":{"start":{"line":42,"column":14},"end":{"line":42,"column":15}},"loc":{"start":{"line":42,"column":24},"end":{"line":42,"column":41}},"line":42},"5":{"name":"(anonymous_5)","decl":{"start":{"line":44,"column":20},"end":{"line":44,"column":21}},"loc":{"start":{"line":44,"column":40},"end":{"line":46,"column":3}},"line":44},"6":{"name":"(anonymous_6)","decl":{"start":{"line":49,"column":26},"end":{"line":49,"column":27}},"loc":{"start":{"line":49,"column":79},"end":{"line":58,"column":1}},"line":49},"7":{"name":"(anonymous_7)","decl":{"start":{"line":60,"column":23},"end":{"line":60,"column":24}},"loc":{"start":{"line":60,"column":44},"end":{"line":64,"column":1}},"line":60}},"branchMap":{"0":{"loc":{"start":{"line":41,"column":2},"end":{"line":41,"column":72}},"type":"if","locations":[{"start":{"line":41,"column":2},"end":{"line":41,"column":72}},{"start":{},"end":{}}],"line":41},"1":{"loc":{"start":{"line":49,"column":44},"end":{"line":49,"column":54}},"type":"default-arg","locations":[{"start":{"line":49,"column":50},"end":{"line":49,"column":54}}],"line":49},"2":{"loc":{"start":{"line":49,"column":56},"end":{"line":49,"column":74}},"type":"default-arg","locations":[{"start":{"line":49,"column":70},"end":{"line":49,"column":74}}],"line":49},"3":{"loc":{"start":{"line":50,"column":2},"end":{"line":50,"column":94}},"type":"if","locations":[{"start":{"line":50,"column":2},"end":{"line":50,"column":94}},{"start":{},"end":{}}],"line":50},"4":{"loc":{"start":{"line":50,"column":6},"end":{"line":50,"column":26}},"type":"binary-expr","locations":[{"start":{"line":50,"column":6},"end":{"line":50,"column":10}},{"start":{"line":50,"column":14},"end":{"line":50,"column":26}}],"line":50},"5":{"loc":{"start":{"line":52,"column":2},"end":{"line":52,"column":74}},"type":"if","locations":[{"start":{"line":52,"column":2},"end":{"line":52,"column":74}},{"start":{},"end":{}}],"line":52},"6":{"loc":{"start":{"line":53,"column":2},"end":{"line":53,"column":35}},"type":"if","locations":[{"start":{"line":53,"column":2},"end":{"line":53,"column":35}},{"start":{},"end":{}}],"line":53},"7":{"loc":{"start":{"line":54,"column":2},"end":{"line":54,"column":52}},"type":"if","locations":[{"start":{"line":54,"column":2},"end":{"line":54,"column":52}},{"start":{},"end":{}}],"line":54},"8":{"loc":{"start":{"line":62,"column":2},"end":{"line":62,"column":63}},"type":"if","locations":[{"start":{"line":62,"column":2},"end":{"line":62,"column":63}},{"start":{},"end":{}}],"line":62}},"s":{"0":2,"1":2,"2":2,"3":1,"4":1,"5":1,"6":1,"7":1,"8":1,"9":1,"10":2,"11":2,"12":2,"13":2,"14":2,"15":2,"16":2,"17":2,"18":1,"19":1,"20":1,"21":1,"22":2,"23":2,"24":2,"25":1,"26":1,"27":1,"28":0,"29":1,"30":1,"31":1,"32":1,"33":1,"34":1,"35":1,"36":2,"37":2,"38":2,"39":1,"40":1,"41":2},"f":{"0":1,"1":1,"2":2,"3":2,"4":1,"5":2,"6":2,"7":2},"b":{"0":[1,1],"1":[0],"2":[0],"3":[1,1],"4":[2,1],"5":[0,1],"6":[1,0],"7":[1,0],"8":[1,1]},"_coverageSchema":"1a1c01bbd47fc00a2c39e90264f33305004495a9","hash":"edde93ca522f88b485756991e16a9d83bdd68bc8"}
}
