TN:
SF:db/models/company.js
FN:5,(anonymous_0)
FN:12,(anonymous_1)
FNF:2
FNH:2
FNDA:2,(anonymous_0)
FNDA:2,(anonymous_1)
DA:4,2
DA:5,2
DA:13,2
DA:19,2
DA:32,2
LF:5
LH:5
BRF:0
BRH:0
end_of_record
TN:
SF:db/models/companytag.js
FN:5,(anonymous_0)
FN:12,(anonymous_1)
FNF:2
FNH:2
FNDA:2,(anonymous_0)
FNDA:2,(anonymous_1)
DA:4,2
DA:5,2
DA:16,2
DA:23,2
LF:4
LH:4
BRF:0
BRH:0
end_of_record
TN:
SF:db/models/index.js
FN:21,(anonymous_0)
FN:29,(anonymous_1)
FN:34,(anonymous_2)
FNF:3
FNH:3
FNDA:10,(anonymous_0)
FNDA:8,(anonymous_1)
FNDA:8,(anonymous_2)
DA:3,2
DA:4,2
DA:5,2
DA:6,2
DA:7,2
DA:8,2
DA:9,2
DA:10,2
DA:13,2
DA:14,0
DA:16,2
DA:19,2
DA:22,10
DA:30,8
DA:31,8
DA:34,2
DA:35,8
DA:36,8
DA:40,2
DA:41,2
DA:43,2
LF:21
LH:20
BRDA:8,0,0,2
BRDA:8,0,1,0
BRDA:13,1,0,0
BRDA:13,1,1,2
BRDA:23,2,0,10
BRDA:23,2,1,10
BRDA:23,2,2,8
BRDA:23,2,3,8
BRDA:35,3,0,8
BRDA:35,3,1,0
BRF:10
BRH:7
end_of_record
TN:
SF:db/models/sector.js
FN:5,(anonymous_0)
FN:12,(anonymous_1)
FNF:2
FNH:2
FNDA:2,(anonymous_0)
FNDA:2,(anonymous_1)
DA:4,2
DA:5,2
DA:14,2
DA:20,2
DA:29,2
LF:5
LH:5
BRF:0
BRH:0
end_of_record
TN:
SF:db/models/tag.js
FN:5,(anonymous_0)
FN:12,(anonymous_1)
FNF:2
FNH:2
FNDA:2,(anonymous_0)
FNDA:2,(anonymous_1)
DA:4,2
DA:5,2
DA:16,2
DA:22,2
LF:4
LH:4
BRF:0
BRH:0
end_of_record
TN:
SF:src/error.js
FN:2,(anonymous_0)
FN:9,(anonymous_1)
FNF:2
FNH:2
FNDA:4,(anonymous_0)
FNDA:2,(anonymous_1)
DA:3,4
DA:4,4
DA:10,2
DA:11,2
DA:15,2
LF:5
LH:5
BRF:0
BRH:0
end_of_record
TN:
SF:src/controllers/companyController.js
FN:3,(anonymous_0)
FN:13,(anonymous_1)
FN:23,(anonymous_2)
FN:34,(anonymous_3)
FNF:4
FNH:4
FNDA:2,(anonymous_0)
FNDA:2,(anonymous_1)
FNDA:2,(anonymous_2)
FNDA:2,(anonymous_3)
DA:1,1
DA:3,1
DA:4,2
DA:5,2
DA:6,1
DA:8,1
DA:13,1
DA:14,2
DA:15,2
DA:16,2
DA:17,1
DA:19,1
DA:23,1
DA:24,2
DA:25,2
DA:26,2
DA:27,2
DA:28,1
DA:30,1
DA:34,1
DA:35,2
DA:36,2
DA:37,2
DA:38,1
DA:40,1
DA:44,1
LF:26
LH:26
BRF:0
BRH:0
end_of_record
TN:
SF:src/services/companyServices.js
FN:5,(anonymous_0)
FN:9,(anonymous_1)
FN:22,(anonymous_2)
FN:30,(anonymous_3)
FN:42,(anonymous_4)
FN:44,(anonymous_5)
FN:49,(anonymous_6)
FN:60,(anonymous_7)
FNF:8
FNH:8
FNDA:1,(anonymous_0)
FNDA:1,(anonymous_1)
FNDA:2,(anonymous_2)
FNDA:2,(anonymous_3)
FNDA:1,(anonymous_4)
FNDA:2,(anonymous_5)
FNDA:2,(anonymous_6)
FNDA:2,(anonymous_7)
DA:1,2
DA:3,2
DA:5,2
DA:6,1
DA:7,1
DA:9,1
DA:10,1
DA:11,1
DA:12,1
DA:19,1
DA:22,2
DA:23,2
DA:28,2
DA:30,2
DA:31,2
DA:32,2
DA:33,2
DA:41,2
DA:42,1
DA:44,1
DA:45,2
DA:49,2
DA:50,2
DA:51,1
DA:52,1
DA:53,1
DA:54,1
DA:55,1
DA:56,1
DA:57,1
DA:60,2
DA:61,2
DA:62,2
DA:63,1
DA:68,2
LF:35
LH:35
BRDA:41,0,0,1
BRDA:41,0,1,1
BRDA:49,1,0,0
BRDA:49,2,0,0
BRDA:50,3,0,1
BRDA:50,3,1,1
BRDA:50,4,0,2
BRDA:50,4,1,1
BRDA:52,5,0,0
BRDA:52,5,1,1
BRDA:53,6,0,1
BRDA:53,6,1,0
BRDA:54,7,0,1
BRDA:54,7,1,0
BRDA:62,8,0,1
BRDA:62,8,1,1
BRF:16
BRH:11
end_of_record
